# JRE version: OpenJDK Runtime Environment Temurin-21.0.8+9 (21.0.8+9) (build 21.0.8+9-LTS)
# Java VM: OpenJDK 64-Bit Server VM Temurin-21.0.8+9 (21.0.8+9-LTS, mixed mode, sharing, tiered, compressed oops, compressed class ptrs, parallel gc, windows-amd64)
GC Precious Log:
 CardTable entry size: 512
 CPUs: 22 total, 22 available
 Memory: 32373M
 Large Page Support: Disabled
 NUMA Support: Disabled
 Compressed Oops: Enabled (32-bit)
 Alignments: Space 512K, Generation 512K, Heap 2M
 Heap Min Capacity: 100M
 Heap Initial Capacity: 100M
 Heap Max Capacity: 2G
 Pre-touch: Disabled
 Parallel Workers: 16
Heap:
 PSYoungGen      total 7168K, used 4376K [0x00000000d5580000, 0x00000000d6200000, 0x0000000100000000)
  eden space 6144K, 57% used [0x00000000d5580000,0x00000000d58f6258,0x00000000d5b80000)
  from space 1024K, 81% used [0x00000000d5d00000,0x00000000d5dd0020,0x00000000d5e00000)
  to   space 2048K, 0% used [0x00000000d6000000,0x00000000d6000000,0x00000000d6200000)
 ParOldGen       total 448000K, used 447858K [0x0000000080000000, 0x000000009b580000, 0x00000000d5580000)
  object space 448000K, 99% used [0x0000000080000000,0x000000009b55cb50,0x000000009b580000)
 Metaspace       used 64173K, committed 65600K, reserved 1114112K
  class space    used 6882K, committed 7488K, reserved 1048576K
GC Heap History (20 events):
Event: 13.280 GC heap before
{Heap before GC invocations=539 (full 3):
 PSYoungGen      total 2560K, used 2272K [0x00000000d5580000, 0x00000000d5980000, 0x0000000100000000)
  eden space 1536K, 100% used [0x00000000d5580000,0x00000000d5700000,0x00000000d5700000)
  from space 1024K, 71% used [0x00000000d5700000,0x00000000d57b8000,0x00000000d5800000)
  to   space 1024K, 0% used [0x00000000d5880000,0x00000000d5880000,0x00000000d5980000)
 ParOldGen       total 431104K, used 430729K [0x0000000080000000, 0x000000009a500000, 0x00000000d5580000)
  object space 431104K, 99% used [0x0000000080000000,0x000000009a4a2478,0x000000009a500000)
 Metaspace       used 63686K, committed 65088K, reserved 1114112K
  class space    used 6844K, committed 7488K, reserved 1048576K
}
Event: 13.281 GC heap after
{Heap after GC invocations=539 (full 3):
 PSYoungGen      total 3072K, used 832K [0x00000000d5580000, 0x00000000d5980000, 0x0000000100000000)
  eden space 2048K, 0% used [0x00000000d5580000,0x00000000d5580000,0x00000000d5780000)
  from space 1024K, 81% used [0x00000000d5880000,0x00000000d5950000,0x00000000d5980000)
  to   space 1024K, 0% used [0x00000000d5780000,0x00000000d5780000,0x00000000d5880000)
 ParOldGen       total 431616K, used 431281K [0x0000000080000000, 0x000000009a580000, 0x00000000d5580000)
  object space 431616K, 99% used [0x0000000080000000,0x000000009a52c478,0x000000009a580000)
 Metaspace       used 63686K, committed 65088K, reserved 1114112K
  class space    used 6844K, committed 7488K, reserved 1048576K
}
Event: 13.282 GC heap before
{Heap before GC invocations=540 (full 3):
 PSYoungGen      total 3072K, used 2880K [0x00000000d5580000, 0x00000000d5980000, 0x0000000100000000)
  eden space 2048K, 100% used [0x00000000d5580000,0x00000000d5780000,0x00000000d5780000)
  from space 1024K, 81% used [0x00000000d5880000,0x00000000d5950000,0x00000000d5980000)
  to   space 1024K, 0% used [0x00000000d5780000,0x00000000d5780000,0x00000000d5880000)
 ParOldGen       total 431616K, used 431281K [0x0000000080000000, 0x000000009a580000, 0x00000000d5580000)
  object space 431616K, 99% used [0x0000000080000000,0x000000009a52c478,0x000000009a580000)
 Metaspace       used 63686K, committed 65088K, reserved 1114112K
  class space    used 6844K, committed 7488K, reserved 1048576K
}
Event: 13.283 GC heap after
{Heap after GC invocations=540 (full 3):
 PSYoungGen      total 3072K, used 832K [0x00000000d5580000, 0x00000000d5a00000, 0x0000000100000000)
  eden space 2048K, 0% used [0x00000000d5580000,0x00000000d5580000,0x00000000d5780000)
  from space 1024K, 81% used [0x00000000d5780000,0x00000000d5850000,0x00000000d5880000)
  to   space 1024K, 0% used [0x00000000d5900000,0x00000000d5900000,0x00000000d5a00000)
 ParOldGen       total 432128K, used 431857K [0x0000000080000000, 0x000000009a600000, 0x00000000d5580000)
  object space 432128K, 99% used [0x0000000080000000,0x000000009a5bc478,0x000000009a600000)
 Metaspace       used 63686K, committed 65088K, reserved 1114112K
  class space    used 6844K, committed 7488K, reserved 1048576K
}
Event: 13.284 GC heap before
{Heap before GC invocations=541 (full 3):
 PSYoungGen      total 3072K, used 2879K [0x00000000d5580000, 0x00000000d5a00000, 0x0000000100000000)
  eden space 2048K, 99% used [0x00000000d5580000,0x00000000d577ffc8,0x00000000d5780000)
  from space 1024K, 81% used [0x00000000d5780000,0x00000000d5850000,0x00000000d5880000)
  to   space 1024K, 0% used [0x00000000d5900000,0x00000000d5900000,0x00000000d5a00000)
 ParOldGen       total 432128K, used 431857K [0x0000000080000000, 0x000000009a600000, 0x00000000d5580000)
  object space 432128K, 99% used [0x0000000080000000,0x000000009a5bc478,0x000000009a600000)
 Metaspace       used 63686K, committed 65088K, reserved 1114112K
  class space    used 6844K, committed 7488K, reserved 1048576K
}
Event: 13.285 GC heap after
{Heap after GC invocations=541 (full 3):
 PSYoungGen      total 3584K, used 896K [0x00000000d5580000, 0x00000000d5a00000, 0x0000000100000000)
  eden space 2560K, 0% used [0x00000000d5580000,0x00000000d5580000,0x00000000d5800000)
  from space 1024K, 87% used [0x00000000d5900000,0x00000000d59e0000,0x00000000d5a00000)
  to   space 1024K, 0% used [0x00000000d5800000,0x00000000d5800000,0x00000000d5900000)
 ParOldGen       total 432640K, used 432601K [0x0000000080000000, 0x000000009a680000, 0x00000000d5580000)
  object space 432640K, 99% used [0x0000000080000000,0x000000009a676478,0x000000009a680000)
 Metaspace       used 63686K, committed 65088K, reserved 1114112K
  class space    used 6844K, committed 7488K, reserved 1048576K
}
Event: 13.288 GC heap before
{Heap before GC invocations=542 (full 3):
 PSYoungGen      total 3584K, used 3456K [0x00000000d5580000, 0x00000000d5a00000, 0x0000000100000000)
  eden space 2560K, 100% used [0x00000000d5580000,0x00000000d5800000,0x00000000d5800000)
  from space 1024K, 87% used [0x00000000d5900000,0x00000000d59e0000,0x00000000d5a00000)
  to   space 1024K, 0% used [0x00000000d5800000,0x00000000d5800000,0x00000000d5900000)
 ParOldGen       total 432640K, used 432601K [0x0000000080000000, 0x000000009a680000, 0x00000000d5580000)
  object space 432640K, 99% used [0x0000000080000000,0x000000009a676478,0x000000009a680000)
 Metaspace       used 63690K, committed 65088K, reserved 1114112K
  class space    used 6845K, committed 7488K, reserved 1048576K
}
Event: 13.290 GC heap after
{Heap after GC invocations=542 (full 3):
 PSYoungGen      total 3584K, used 1014K [0x00000000d5580000, 0x00000000d5f80000, 0x0000000100000000)
  eden space 2560K, 0% used [0x00000000d5580000,0x00000000d5580000,0x00000000d5800000)
  from space 1024K, 99% used [0x00000000d5800000,0x00000000d58fdad0,0x00000000d5900000)
  to   space 3584K, 0% used [0x00000000d5c00000,0x00000000d5c00000,0x00000000d5f80000)
 ParOldGen       total 434688K, used 434483K [0x0000000080000000, 0x000000009a880000, 0x00000000d5580000)
  object space 434688K, 99% used [0x0000000080000000,0x000000009a84cfb0,0x000000009a880000)
 Metaspace       used 63690K, committed 65088K, reserved 1114112K
  class space    used 6845K, committed 7488K, reserved 1048576K
}
Event: 13.294 GC heap before
{Heap before GC invocations=543 (full 3):
 PSYoungGen      total 3584K, used 3574K [0x00000000d5580000, 0x00000000d5f80000, 0x0000000100000000)
  eden space 2560K, 100% used [0x00000000d5580000,0x00000000d5800000,0x00000000d5800000)
  from space 1024K, 99% used [0x00000000d5800000,0x00000000d58fdad0,0x00000000d5900000)
  to   space 3584K, 0% used [0x00000000d5c00000,0x00000000d5c00000,0x00000000d5f80000)
 ParOldGen       total 434688K, used 434483K [0x0000000080000000, 0x000000009a880000, 0x00000000d5580000)
  object space 434688K, 99% used [0x0000000080000000,0x000000009a84cfb0,0x000000009a880000)
 Metaspace       used 63690K, committed 65088K, reserved 1114112K
  class space    used 6845K, committed 7488K, reserved 1048576K
}
Event: 13.296 GC heap after
{Heap after GC invocations=543 (full 3):
 PSYoungGen      total 6144K, used 2752K [0x00000000d5580000, 0x00000000d5f00000, 0x0000000100000000)
  eden space 3072K, 0% used [0x00000000d5580000,0x00000000d5580000,0x00000000d5880000)
  from space 3072K, 89% used [0x00000000d5c00000,0x00000000d5eb0000,0x00000000d5f00000)
  to   space 3072K, 0% used [0x00000000d5900000,0x00000000d5900000,0x00000000d5c00000)
 ParOldGen       total 435712K, used 435562K [0x0000000080000000, 0x000000009a980000, 0x00000000d5580000)
  object space 435712K, 99% used [0x0000000080000000,0x000000009a95aa80,0x000000009a980000)
 Metaspace       used 63690K, committed 65088K, reserved 1114112K
  class space    used 6845K, committed 7488K, reserved 1048576K
}
Event: 13.304 GC heap before
{Heap before GC invocations=544 (full 3):
 PSYoungGen      total 6144K, used 5590K [0x00000000d5580000, 0x00000000d5f00000, 0x0000000100000000)
  eden space 3072K, 92% used [0x00000000d5580000,0x00000000d5845b58,0x00000000d5880000)
  from space 3072K, 89% used [0x00000000d5c00000,0x00000000d5eb0000,0x00000000d5f00000)
  to   space 3072K, 0% used [0x00000000d5900000,0x00000000d5900000,0x00000000d5c00000)
 ParOldGen       total 435712K, used 435562K [0x0000000080000000, 0x000000009a980000, 0x00000000d5580000)
  object space 435712K, 99% used [0x0000000080000000,0x000000009a95aa80,0x000000009a980000)
 Metaspace       used 63690K, committed 65088K, reserved 1114112K
  class space    used 6845K, committed 7488K, reserved 1048576K
}
Event: 13.306 GC heap after
{Heap after GC invocations=544 (full 3):
 PSYoungGen      total 6656K, used 3034K [0x00000000d5580000, 0x00000000d6080000, 0x0000000100000000)
  eden space 3584K, 0% used [0x00000000d5580000,0x00000000d5580000,0x00000000d5900000)
  from space 3072K, 98% used [0x00000000d5900000,0x00000000d5bf69c8,0x00000000d5c00000)
  to   space 3584K, 0% used [0x00000000d5d00000,0x00000000d5d00000,0x00000000d6080000)
 ParOldGen       total 438272K, used 438178K [0x0000000080000000, 0x000000009ac00000, 0x00000000d5580000)
  object space 438272K, 99% used [0x0000000080000000,0x000000009abe8a80,0x000000009ac00000)
 Metaspace       used 63690K, committed 65088K, reserved 1114112K
  class space    used 6845K, committed 7488K, reserved 1048576K
}
Event: 13.315 GC heap before
{Heap before GC invocations=545 (full 3):
 PSYoungGen      total 6656K, used 6550K [0x00000000d5580000, 0x00000000d6080000, 0x0000000100000000)
  eden space 3584K, 98% used [0x00000000d5580000,0x00000000d58eef88,0x00000000d5900000)
  from space 3072K, 98% used [0x00000000d5900000,0x00000000d5bf69c8,0x00000000d5c00000)
  to   space 3584K, 0% used [0x00000000d5d00000,0x00000000d5d00000,0x00000000d6080000)
 ParOldGen       total 438272K, used 438178K [0x0000000080000000, 0x000000009ac00000, 0x00000000d5580000)
  object space 438272K, 99% used [0x0000000080000000,0x000000009abe8a80,0x000000009ac00000)
 Metaspace       used 63713K, committed 65152K, reserved 1114112K
  class space    used 6845K, committed 7488K, reserved 1048576K
}
Event: 13.316 GC heap after
{Heap after GC invocations=545 (full 3):
 PSYoungGen      total 6144K, used 1373K [0x00000000d5580000, 0x00000000d5e80000, 0x0000000100000000)
  eden space 4608K, 0% used [0x00000000d5580000,0x00000000d5580000,0x00000000d5a00000)
  from space 1536K, 89% used [0x00000000d5d00000,0x00000000d5e57758,0x00000000d5e80000)
  to   space 2048K, 0% used [0x00000000d5a80000,0x00000000d5a80000,0x00000000d5c80000)
 ParOldGen       total 440832K, used 440813K [0x0000000080000000, 0x000000009ae80000, 0x00000000d5580000)
  object space 440832K, 99% used [0x0000000080000000,0x000000009ae7b4c8,0x000000009ae80000)
 Metaspace       used 63713K, committed 65152K, reserved 1114112K
  class space    used 6845K, committed 7488K, reserved 1048576K
}
Event: 13.324 GC heap before
{Heap before GC invocations=546 (full 3):
 PSYoungGen      total 6144K, used 5981K [0x00000000d5580000, 0x00000000d5e80000, 0x0000000100000000)
  eden space 4608K, 100% used [0x00000000d5580000,0x00000000d5a00000,0x00000000d5a00000)
  from space 1536K, 89% used [0x00000000d5d00000,0x00000000d5e57758,0x00000000d5e80000)
  to   space 2048K, 0% used [0x00000000d5a80000,0x00000000d5a80000,0x00000000d5c80000)
 ParOldGen       total 440832K, used 440813K [0x0000000080000000, 0x000000009ae80000, 0x00000000d5580000)
  object space 440832K, 99% used [0x0000000080000000,0x000000009ae7b4c8,0x000000009ae80000)
 Metaspace       used 63716K, committed 65152K, reserved 1114112K
  class space    used 6845K, committed 7488K, reserved 1048576K
}
Event: 13.327 GC heap after
{Heap after GC invocations=546 (full 3):
 PSYoungGen      total 7168K, used 2040K [0x00000000d5580000, 0x00000000d6800000, 0x0000000100000000)
  eden space 5120K, 0% used [0x00000000d5580000,0x00000000d5580000,0x00000000d5a80000)
  from space 2048K, 99% used [0x00000000d5a80000,0x00000000d5c7e0e0,0x00000000d5c80000)
  to   space 6656K, 0% used [0x00000000d6180000,0x00000000d6180000,0x00000000d6800000)
 ParOldGen       total 444928K, used 444433K [0x0000000080000000, 0x000000009b280000, 0x00000000d5580000)
  object space 444928K, 99% used [0x0000000080000000,0x000000009b2047d0,0x000000009b280000)
 Metaspace       used 63716K, committed 65152K, reserved 1114112K
  class space    used 6845K, committed 7488K, reserved 1048576K
}
Event: 13.354 GC heap before
{Heap before GC invocations=547 (full 3):
 PSYoungGen      total 7168K, used 7160K [0x00000000d5580000, 0x00000000d6800000, 0x0000000100000000)
  eden space 5120K, 100% used [0x00000000d5580000,0x00000000d5a80000,0x00000000d5a80000)
  from space 2048K, 99% used [0x00000000d5a80000,0x00000000d5c7e0e0,0x00000000d5c80000)
  to   space 6656K, 0% used [0x00000000d6180000,0x00000000d6180000,0x00000000d6800000)
 ParOldGen       total 444928K, used 444433K [0x0000000080000000, 0x000000009b280000, 0x00000000d5580000)
  object space 444928K, 99% used [0x0000000080000000,0x000000009b2047d0,0x000000009b280000)
 Metaspace       used 63765K, committed 65216K, reserved 1114112K
  class space    used 6853K, committed 7488K, reserved 1048576K
}
Event: 13.356 GC heap after
{Heap after GC invocations=547 (full 3):
 PSYoungGen      total 9728K, used 3096K [0x00000000d5580000, 0x00000000d6500000, 0x0000000100000000)
  eden space 6144K, 0% used [0x00000000d5580000,0x00000000d5580000,0x00000000d5b80000)
  from space 3584K, 86% used [0x00000000d6180000,0x00000000d64862b0,0x00000000d6500000)
  to   space 4096K, 0% used [0x00000000d5d00000,0x00000000d5d00000,0x00000000d6100000)
 ParOldGen       total 446464K, used 446022K [0x0000000080000000, 0x000000009b400000, 0x00000000d5580000)
  object space 446464K, 99% used [0x0000000080000000,0x000000009b391840,0x000000009b400000)
 Metaspace       used 63765K, committed 65216K, reserved 1114112K
  class space    used 6853K, committed 7488K, reserved 1048576K
}
Event: 30.944 GC heap before
{Heap before GC invocations=548 (full 3):
 PSYoungGen      total 9728K, used 9240K [0x00000000d5580000, 0x00000000d6500000, 0x0000000100000000)
  eden space 6144K, 100% used [0x00000000d5580000,0x00000000d5b80000,0x00000000d5b80000)
  from space 3584K, 86% used [0x00000000d6180000,0x00000000d64862b0,0x00000000d6500000)
  to   space 4096K, 0% used [0x00000000d5d00000,0x00000000d5d00000,0x00000000d6100000)
 ParOldGen       total 446464K, used 446022K [0x0000000080000000, 0x000000009b400000, 0x00000000d5580000)
  object space 446464K, 99% used [0x0000000080000000,0x000000009b391840,0x000000009b400000)
 Metaspace       used 63904K, committed 65280K, reserved 1114112K
  class space    used 6871K, committed 7488K, reserved 1048576K
}
Event: 30.946 GC heap after
{Heap after GC invocations=548 (full 3):
 PSYoungGen      total 7168K, used 832K [0x00000000d5580000, 0x00000000d6200000, 0x0000000100000000)
  eden space 6144K, 0% used [0x00000000d5580000,0x00000000d5580000,0x00000000d5b80000)
  from space 1024K, 81% used [0x00000000d5d00000,0x00000000d5dd0020,0x00000000d5e00000)
  to   space 2048K, 0% used [0x00000000d6000000,0x00000000d6000000,0x00000000d6200000)
 ParOldGen       total 448000K, used 447858K [0x0000000080000000, 0x000000009b580000, 0x00000000d5580000)
  object space 448000K, 99% used [0x0000000080000000,0x000000009b55cb50,0x000000009b580000)
 Metaspace       used 63904K, committed 65280K, reserved 1114112K
  class space    used 6871K, committed 7488K, reserved 1048576K
}

